Determining if the function sgemm_ exists failed with the following output:
Change Dir: /home/antixk/Anand/Projects/sGMRFmix/cmake-build-debug/CMakeFiles/CMakeTmp

Run Build Command(s):/usr/bin/make cmTC_e3088/fast && /usr/bin/make -f CMakeFiles/cmTC_e3088.dir/build.make CMakeFiles/cmTC_e3088.dir/build
make[1]: Entering directory '/home/antixk/Anand/Projects/sGMRFmix/cmake-build-debug/CMakeFiles/CMakeTmp'
Building C object CMakeFiles/cmTC_e3088.dir/CheckFunctionExists.c.o
/usr/bin/cc   -DCHECK_FUNCTION_EXISTS=sgemm_   -o CMakeFiles/cmTC_e3088.dir/CheckFunctionExists.c.o   -c /home/antixk/Anand/softwares/clion-linux/clion-2020.1/bin/cmake/linux/share/cmake-3.16/Modules/CheckFunctionExists.c
Linking C executable cmTC_e3088
/home/antixk/Anand/softwares/clion-linux/clion-2020.1/bin/cmake/linux/bin/cmake -E cmake_link_script CMakeFiles/cmTC_e3088.dir/link.txt --verbose=1
/usr/bin/cc  -DCHECK_FUNCTION_EXISTS=sgemm_    CMakeFiles/cmTC_e3088.dir/CheckFunctionExists.c.o  -o cmTC_e3088 
/usr/bin/ld: CMakeFiles/cmTC_e3088.dir/CheckFunctionExists.c.o: in function `main':
CheckFunctionExists.c:(.text+0x14): undefined reference to `sgemm_'
collect2: error: ld returned 1 exit status
make[1]: *** [CMakeFiles/cmTC_e3088.dir/build.make:87: cmTC_e3088] Error 1
make[1]: Leaving directory '/home/antixk/Anand/Projects/sGMRFmix/cmake-build-debug/CMakeFiles/CMakeTmp'
make: *** [Makefile:121: cmTC_e3088/fast] Error 2



Performing C SOURCE FILE Test CMAKE_HAVE_LIBC_PTHREAD failed with the following output:
Change Dir: /home/antixk/Anand/Projects/sGMRFmix/cmake-build-debug/CMakeFiles/CMakeTmp

Run Build Command(s):/usr/bin/make cmTC_5a095/fast && /usr/bin/make -f CMakeFiles/cmTC_5a095.dir/build.make CMakeFiles/cmTC_5a095.dir/build
make[1]: Entering directory '/home/antixk/Anand/Projects/sGMRFmix/cmake-build-debug/CMakeFiles/CMakeTmp'
Building C object CMakeFiles/cmTC_5a095.dir/src.c.o
/usr/bin/cc   -DCMAKE_HAVE_LIBC_PTHREAD   -o CMakeFiles/cmTC_5a095.dir/src.c.o   -c /home/antixk/Anand/Projects/sGMRFmix/cmake-build-debug/CMakeFiles/CMakeTmp/src.c
Linking C executable cmTC_5a095
/home/antixk/Anand/softwares/clion-linux/clion-2020.1/bin/cmake/linux/bin/cmake -E cmake_link_script CMakeFiles/cmTC_5a095.dir/link.txt --verbose=1
/usr/bin/cc  -DCMAKE_HAVE_LIBC_PTHREAD    CMakeFiles/cmTC_5a095.dir/src.c.o  -o cmTC_5a095 
/usr/bin/ld: CMakeFiles/cmTC_5a095.dir/src.c.o: in function `main':
src.c:(.text+0x46): undefined reference to `pthread_create'
/usr/bin/ld: src.c:(.text+0x52): undefined reference to `pthread_detach'
/usr/bin/ld: src.c:(.text+0x63): undefined reference to `pthread_join'
collect2: error: ld returned 1 exit status
make[1]: *** [CMakeFiles/cmTC_5a095.dir/build.make:87: cmTC_5a095] Error 1
make[1]: Leaving directory '/home/antixk/Anand/Projects/sGMRFmix/cmake-build-debug/CMakeFiles/CMakeTmp'
make: *** [Makefile:121: cmTC_5a095/fast] Error 2


Source file was:
#include <pthread.h>

void* test_func(void* data)
{
  return data;
}

int main(void)
{
  pthread_t thread;
  pthread_create(&thread, NULL, test_func, NULL);
  pthread_detach(thread);
  pthread_join(thread, NULL);
  pthread_atfork(NULL, NULL, NULL);
  pthread_exit(NULL);

  return 0;
}

Determining if the function pthread_create exists in the pthreads failed with the following output:
Change Dir: /home/antixk/Anand/Projects/sGMRFmix/cmake-build-debug/CMakeFiles/CMakeTmp

Run Build Command(s):/usr/bin/make cmTC_6cece/fast && /usr/bin/make -f CMakeFiles/cmTC_6cece.dir/build.make CMakeFiles/cmTC_6cece.dir/build
make[1]: Entering directory '/home/antixk/Anand/Projects/sGMRFmix/cmake-build-debug/CMakeFiles/CMakeTmp'
Building C object CMakeFiles/cmTC_6cece.dir/CheckFunctionExists.c.o
/usr/bin/cc   -DCHECK_FUNCTION_EXISTS=pthread_create   -o CMakeFiles/cmTC_6cece.dir/CheckFunctionExists.c.o   -c /home/antixk/Anand/softwares/clion-linux/clion-2020.1/bin/cmake/linux/share/cmake-3.16/Modules/CheckFunctionExists.c
Linking C executable cmTC_6cece
/home/antixk/Anand/softwares/clion-linux/clion-2020.1/bin/cmake/linux/bin/cmake -E cmake_link_script CMakeFiles/cmTC_6cece.dir/link.txt --verbose=1
/usr/bin/cc  -DCHECK_FUNCTION_EXISTS=pthread_create    CMakeFiles/cmTC_6cece.dir/CheckFunctionExists.c.o  -o cmTC_6cece  -lpthreads 
/usr/bin/ld: cannot find -lpthreads
collect2: error: ld returned 1 exit status
make[1]: *** [CMakeFiles/cmTC_6cece.dir/build.make:87: cmTC_6cece] Error 1
make[1]: Leaving directory '/home/antixk/Anand/Projects/sGMRFmix/cmake-build-debug/CMakeFiles/CMakeTmp'
make: *** [Makefile:121: cmTC_6cece/fast] Error 2



